\BOOKMARK [1][-]{section.1}{\376\377\000I\000n\000t\000r\000o\000d\000u\000c\000t\000i\000o\000n}{}% 1
\BOOKMARK [2][-]{subsection.1.1}{\376\377\000W\000h\000o\000\040\000u\000s\000e\000s\000\040\000P\000R\000o\0003\000D}{section.1}% 2
\BOOKMARK [2][-]{subsection.1.2}{\376\377\000F\000e\000a\000t\000u\000r\000e\000s}{section.1}% 3
\BOOKMARK [2][-]{subsection.1.3}{\376\377\000D\000a\000t\000a}{section.1}% 4
\BOOKMARK [1][-]{section.2}{\376\377\000S\000t\000a\000r\000t}{}% 5
\BOOKMARK [2][-]{subsection.2.1}{\376\377\000A\000d\000d\000\040\000S\000u\000r\000f\000a\000c\000e}{section.2}% 6
\BOOKMARK [2][-]{subsection.2.2}{\376\377\000L\000o\000a\000d\000\040\000S\000c\000e\000n\000e}{section.2}% 7
\BOOKMARK [1][-]{section.3}{\376\377\000V\000i\000e\000w\000e\000r\000\040\000A\000c\000t\000i\000o\000n\000s}{}% 8
\BOOKMARK [2][-]{subsection.3.1}{\376\377\000P\000i\000c\000k\000\040\000E\000x\000p\000l\000o\000r\000e\000\040\000C\000e\000n\000t\000e\000r}{section.3}% 9
\BOOKMARK [3][-]{subsubsection.3.1.1}{\376\377\000F\000r\000e\000e\000F\000l\000y}{subsection.3.1}% 10
\BOOKMARK [3][-]{subsubsection.3.1.2}{\376\377\000A\000r\000c\000B\000a\000l\000l}{subsection.3.1}% 11
\BOOKMARK [2][-]{subsection.3.2}{\376\377\000P\000l\000a\000c\000e\000\040\000C\000o\000o\000r\000d\000i\000n\000a\000t\000e\000\040\000S\000y\000s\000t\000e\000m}{section.3}% 12
\BOOKMARK [2][-]{subsection.3.3}{\376\377\000D\000r\000a\000w\000\040\000A\000n\000n\000o\000t\000a\000t\000i\000o\000n}{section.3}% 13
\BOOKMARK [2][-]{subsection.3.4}{\376\377\000P\000i\000c\000k\000\040\000A\000n\000n\000o\000t\000a\000t\000i\000o\000n}{section.3}% 14
\BOOKMARK [2][-]{subsection.3.5}{\376\377\000P\000i\000c\000k\000\040\000S\000u\000r\000f\000a\000c\000e}{section.3}% 15
\BOOKMARK [1][-]{section.4}{\376\377\000V\000i\000e\000w\000e\000r\000\040\000F\000e\000a\000t\000u\000r\000e\000s}{}% 16
\BOOKMARK [2][-]{subsection.4.1}{\376\377\000S\000u\000r\000f\000a\000c\000e\000s}{section.4}% 17
\BOOKMARK [2][-]{subsection.4.2}{\376\377\000A\000n\000n\000o\000t\000a\000t\000i\000o\000n\000s}{section.4}% 18
\BOOKMARK [2][-]{subsection.4.3}{\376\377\000S\000c\000a\000l\000e\000b\000a\000r\000s}{section.4}% 19
\BOOKMARK [2][-]{subsection.4.4}{\376\377\000B\000o\000o\000k\000m\000a\000r\000k\000s}{section.4}% 20
\BOOKMARK [2][-]{subsection.4.5}{\376\377\000S\000e\000q\000u\000e\000n\000c\000e\000d\000\040\000B\000o\000o\000k\000m\000a\000r\000k\000s}{section.4}% 21
\BOOKMARK [2][-]{subsection.4.6}{\376\377\000V\000i\000e\000w\000e\000r\000\040\000C\000o\000n\000f\000i\000g\000u\000r\000a\000t\000i\000o\000n}{section.4}% 22
\BOOKMARK [3][-]{subsubsection.4.6.1}{\376\377\000V\000i\000e\000w\000e\000r\000C\000o\000n\000f\000i\000g}{subsection.4.6}% 23
\BOOKMARK [3][-]{subsubsection.4.6.2}{\376\377\000C\000o\000o\000r\000d\000i\000n\000a\000t\000e\000\040\000S\000y\000s\000t\000e\000m}{subsection.4.6}% 24
\BOOKMARK [3][-]{subsubsection.4.6.3}{\376\377\000C\000a\000m\000e\000r\000a}{subsection.4.6}% 25
\BOOKMARK [3][-]{subsubsection.4.6.4}{\376\377\000F\000r\000u\000s\000t\000u\000m}{subsection.4.6}% 26
\BOOKMARK [3][-]{subsubsection.4.6.5}{\376\377\000S\000c\000r\000e\000e\000n\000s\000h\000o\000t\000s}{subsection.4.6}% 27
\BOOKMARK [2][-]{subsection.4.7}{\376\377\000G\000r\000o\000u\000p\000i\000n\000g}{section.4}% 28
\BOOKMARK [3][-]{subsubsection.4.7.1}{\376\377\000G\000r\000o\000u\000p\000\040\000A\000c\000t\000i\000o\000n\000s}{subsection.4.7}% 29
\BOOKMARK [3][-]{subsubsection.4.7.2}{\376\377\000L\000e\000a\000f\000\040\000A\000c\000t\000i\000o\000n\000s}{subsection.4.7}% 30
\BOOKMARK [2][-]{subsection.4.8}{\376\377\000V\000i\000e\000w\000\040\000P\000l\000a\000n\000n\000e\000r}{section.4}% 31
\BOOKMARK [2][-]{subsection.4.9}{\376\377\000G\000I\000S\000\040\000V\000i\000e\000w}{section.4}% 32
\BOOKMARK [3][-]{subsubsection.4.9.1}{\376\377\000S\000P\000I\000C\000E}{subsection.4.9}% 33
\BOOKMARK [3][-]{subsubsection.4.9.2}{\376\377\000P\000R\000O\0003\000D\000\040\000G\000I\000S\000\040\000V\000i\000e\000w\000\040\000T\000a\000b}{subsection.4.9}% 34
\BOOKMARK [3][-]{subsubsection.4.9.3}{\376\377\000R\000e\000f\000e\000r\000e\000n\000c\000e\000\040\000F\000r\000a\000m\000e\000s}{subsection.4.9}% 35
\BOOKMARK [3][-]{subsubsection.4.9.4}{\376\377\000O\000b\000s\000e\000r\000v\000i\000n\000g\000\040\000m\000a\000r\000s}{subsection.4.9}% 36
\BOOKMARK [3][-]{subsubsection.4.9.5}{\376\377\000E\000x\000t\000e\000n\000d\000e\000d\000\040\000f\000e\000a\000t\000u\000r\000e\000s}{subsection.4.9}% 37
\BOOKMARK [3][-]{subsubsection.4.9.6}{\376\377\000E\000x\000t\000e\000n\000d\000e\000d\000\040\000c\000o\000n\000c\000e\000p\000t}{subsection.4.9}% 38
\BOOKMARK [3][-]{subsubsection.4.9.7}{\376\377\000C\000a\000v\000e\000a\000t\000s}{subsection.4.9}% 39
\BOOKMARK [2][-]{subsection.4.10}{\376\377\000C\000o\000n\000t\000o\000u\000r\000\040\000L\000i\000n\000e\000s}{section.4}% 40
\BOOKMARK [2][-]{subsection.4.11}{\376\377\000M\000u\000l\000t\000i\000t\000e\000x\000t\000u\000r\000i\000n\000g}{section.4}% 41
\BOOKMARK [1][-]{section.5}{\376\377\000M\000i\000n\000e\000r\000v\000a}{}% 42
\BOOKMARK [2][-]{subsection.5.1}{\376\377\000S\000t\000a\000r\000t\000\040\000M\000i\000n\000e\000r\000v\000a}{section.5}% 43
\BOOKMARK [2][-]{subsection.5.2}{\376\377\000M\000i\000n\000e\000r\000v\000a\000\040\000F\000e\000a\000t\000u\000r\000e\000s}{section.5}% 44
\BOOKMARK [3][-]{subsubsection.5.2.1}{\376\377\000V\000i\000s\000p\000l\000o\000r\000e}{subsection.5.2}% 45
\BOOKMARK [3][-]{subsubsection.5.2.2}{\376\377\000Q\000u\000e\000r\000y\000A\000p\000p}{subsection.5.2}% 46
\BOOKMARK [3][-]{subsubsection.5.2.3}{\376\377\000P\000r\000o\000d\000u\000c\000t\000\040\000L\000i\000s\000t\000i\000n\000g\000\040\000a\000n\000d\000\040\000S\000e\000l\000e\000c\000t\000i\000o\000n}{subsection.5.2}% 47
\BOOKMARK [3][-]{subsubsection.5.2.4}{\376\377\000P\000r\000o\000d\000u\000c\000t\000\040\000P\000r\000o\000p\000e\000r\000t\000i\000e\000s}{subsection.5.2}% 48
\BOOKMARK [2][-]{subsection.5.3}{\376\377\000P\000i\000c\000k\000i\000n\000g\000\040\000A\000c\000t\000i\000o\000n\000s}{section.5}% 49
\BOOKMARK [1][-]{section.6}{\376\377\000P\000R\000o\0003\000D\000\040\000C\000o\000m\000m\000a\000n\000d\000\040\000L\000i\000n\000e\000\040\000I\000n\000t\000e\000r\000f\000a\000c\000e}{}% 50
\BOOKMARK [2][-]{subsection.6.1}{\376\377\000P\000R\000o\0003\000D\000\040\000S\000n\000a\000p\000s\000h\000o\000t\000\040\000F\000i\000l\000e\000s}{section.6}% 51
\BOOKMARK [2][-]{subsection.6.2}{\376\377\000A\000r\000g\000u\000m\000e\000n\000t\000s\000\040\000a\000n\000d\000\040\000F\000e\000a\000t\000u\000r\000e\000s}{section.6}% 52
\BOOKMARK [2][-]{subsection.6.3}{\376\377\000E\000x\000a\000m\000p\000l\000e\000s}{section.6}% 53
\BOOKMARK [1][-]{section.7}{\376\377\000S\000u\000r\000f\000a\000c\000e\000\040\000C\000o\000m\000p\000a\000r\000i\000s\000o\000n\000\040\000E\000x\000t\000e\000n\000s\000i\000o\000n}{}% 54
\BOOKMARK [2][-]{subsection.7.1}{\376\377\000C\000o\000m\000p\000a\000r\000i\000n\000g\000\040\000S\000e\000l\000e\000c\000t\000e\000d\000\040\000A\000r\000e\000a\000s}{section.7}% 55
\BOOKMARK [2][-]{subsection.7.2}{\376\377\000S\000u\000r\000f\000a\000c\000e\000\040\000M\000e\000a\000s\000u\000r\000e\000m\000e\000n\000t\000s}{section.7}% 56
\BOOKMARK [2][-]{subsection.7.3}{\376\377\000C\000o\000m\000p\000a\000r\000i\000n\000g\000\040\000L\000e\000n\000g\000t\000h\000\040\000M\000e\000a\000s\000u\000r\000e\000m\000e\000n\000t\000s}{section.7}% 57
\BOOKMARK [1][-]{section.8}{\376\377\000P\000R\000o\0003\000D\000\040\000K\000e\000y\000b\000o\000a\000r\000d\000\040\000S\000h\000o\000r\000t\000c\000u\000t\000s}{}% 58
\BOOKMARK [1][-]{section.9}{\376\377\000A\000p\000p\000e\000n\000d\000i\000x}{}% 59
\BOOKMARK [2][-]{subsection.9.1}{\376\377\000M\000u\000l\000t\000i\000t\000e\000x\000t\000u\000r\000i\000n\000g\000:\000\040\000E\000x\000a\000m\000p\000l\000e\000\040\000o\000f\000\040\000t\000h\000e\000\040\000c\000u\000r\000r\000e\000n\000t\000l\000y\000\040\000a\000v\000a\000i\000l\000a\000b\000l\000e\000\040\000d\000a\000t\000a}{section.9}% 60
